\BOOKMARK [1][-]{section.1}{Introduction}{}% 1
\BOOKMARK [1][-]{section.2}{Proposal}{}% 2
\BOOKMARK [2][-]{subsection.2.1}{Architectural Preliminaries}{section.2}% 3
\BOOKMARK [2][-]{subsection.2.2}{Proposal}{section.2}% 4
\BOOKMARK [1][-]{section.3}{Capturing PPA: Core cases}{}% 5
\BOOKMARK [2][-]{subsection.3.1}{Transitive clauses, in situ objects}{section.3}% 6
\BOOKMARK [2][-]{subsection.3.2}{Passive/unaccusative predicates}{section.3}% 7
\BOOKMARK [3][-]{subsubsection.3.2.1}{Feature composition at passive/unaccusative v}{subsection.3.2}% 8
\BOOKMARK [3][-]{subsubsection.3.2.2}{Back to PPA}{subsection.3.2}% 9
\BOOKMARK [2][-]{subsection.3.3}{Optional PPA with clitics/wh-phrases}{section.3}% 10
\BOOKMARK [1][-]{section.4}{Additional Predictions}{}% 11
\BOOKMARK [2][-]{subsection.4.1}{PPA in situ}{section.4}% 12
\BOOKMARK [2][-]{subsection.4.2}{Non-agreeing expletives in French and MSc}{section.4}% 13
\BOOKMARK [1][-]{section.5}{Alternative treatments}{}% 14
\BOOKMARK [1][-]{section.6}{Generalizing the result}{}% 15
\BOOKMARK [2][-]{subsection.6.1}{Long-distance agreement}{section.6}% 16
\BOOKMARK [2][-]{subsection.6.2}{An argument for EPP and covert there in Italian}{section.6}% 17
\BOOKMARK [2][-]{subsection.6.3}{Other null-subject languages}{section.6}% 18
\BOOKMARK [3][-]{subsubsection.6.3.1}{Hebrew}{subsection.6.3}% 19
\BOOKMARK [3][-]{subsubsection.6.3.2}{Chichewa}{subsection.6.3}% 20
\BOOKMARK [3][-]{subsubsection.6.3.3}{Other cases}{subsection.6.3}% 21
\BOOKMARK [2][-]{subsection.6.4}{Implications for long-distance agreement}{section.6}% 22
\BOOKMARK [1][-]{section.7}{Conclusion}{}% 23
